<?xml version="1.0" encoding="UTF-8"?>
<!-- Generated by org.testng.reporters.JUnitReportReporter -->
<testsuite hostname="DESKTOP-TL25OI3" failures="0" tests="1" name="testngDemo.CRMannotationScenario$ChromeHeadless" time="5.790" errors="0" timestamp="2024-09-20T15:33:47 IST" skipped="0">
  <testcase classname="testngDemo.CRMannotationScenario$ChromeHeadless" name="verifyTitle" time="5.790"/>
  <system-out/>
</testsuite> <!-- testngDemo.CRMannotationScenario$ChromeHeadless -->
