<?xml version="1.0" encoding="UTF-8"?>
<!-- Generated by org.testng.reporters.JUnitReportReporter -->
<testsuite hostname="DESKTOP-TL25OI3" failures="0" tests="1" name="parallelTest.Class1" time="4.035" errors="0" timestamp="2024-10-17T15:38:20 IST" skipped="0">
  <testcase classname="parallelTest.Class1" name="chromeTest" time="4.035"/>
  <system-out/>
</testsuite> <!-- parallelTest.Class1 -->
