<?xml version="1.0" encoding="UTF-8"?>
<!-- Generated by org.testng.reporters.JUnitReportReporter -->
<testsuite hostname="DESKTOP-TL25OI3" failures="0" tests="6" name="testngDemo.TestDemo3" time="0.014" errors="0" timestamp="2024-11-20T11:01:24 IST" skipped="0">
  <testcase classname="testngDemo.TestDemo3" name="registerTest" time="0.009"/>
  <system-out/>
  <testcase classname="testngDemo.TestDemo3" name="loginTest" time="0.001"/>
  <system-out/>
  <testcase classname="testngDemo.TestDemo3" name="loginTest" time="0.001"/>
  <system-out/>
  <testcase classname="testngDemo.TestDemo3" name="loginTest" time="0.001"/>
  <system-out/>
  <testcase classname="testngDemo.TestDemo3" name="searchTest" time="0.001"/>
  <system-out/>
  <testcase classname="testngDemo.TestDemo3" name="addToCartTest" time="0.001"/>
  <system-out/>
</testsuite> <!-- testngDemo.TestDemo3 -->
