<?xml version="1.0" encoding="UTF-8"?>
<!-- Generated by org.testng.reporters.JUnitReportReporter -->
<testsuite hostname="DESKTOP-TL25OI3" failures="0" tests="1" name="testngDemo.PropertiesFileDataRead" time="0.022" errors="0" timestamp="2024-09-21T13:59:02 IST" skipped="0">
  <testcase classname="testngDemo.PropertiesFileDataRead" name="fileRead" time="0.022"/>
  <system-out/>
</testsuite> <!-- testngDemo.PropertiesFileDataRead -->
