<?xml version="1.0" encoding="UTF-8"?>
<!-- Generated by org.testng.reporters.JUnitReportReporter -->
<testsuite hostname="DESKTOP-TL25OI3" failures="0" tests="2" name="testngDemo.TestDemo1" time="0.004" errors="0" timestamp="2024-11-20T11:01:24 IST" skipped="0">
  <testcase classname="testngDemo.TestDemo1" name="testcase1" time="0.001"/>
  <system-out/>
  <testcase classname="testngDemo.TestDemo1" name="testcase2" time="0.003"/>
  <system-out/>
</testsuite> <!-- testngDemo.TestDemo1 -->
