<?xml version="1.0" encoding="UTF-8"?>
<!-- Generated by org.testng.reporters.JUnitReportReporter -->
<testsuite hostname="DESKTOP-TL25OI3" failures="0" tests="4" name="testngDemo.GroupingDemo" time="0.021" errors="0" timestamp="2024-11-15T19:26:01 IST" skipped="0">
  <testcase classname="testngDemo.GroupingDemo" name="openApplication" time="0.013"/>
  <system-out/>
  <testcase classname="testngDemo.GroupingDemo" name="loginTest" time="0.001"/>
  <system-out/>
  <testcase classname="testngDemo.GroupingDemo" name="logoutTest" time="0.005"/>
  <system-out/>
  <testcase classname="testngDemo.GroupingDemo" name="loadTest" time="0.002"/>
  <system-out/>
</testsuite> <!-- testngDemo.GroupingDemo -->
