<?xml version="1.0" encoding="UTF-8"?>
<!-- Generated by org.testng.reporters.JUnitReportReporter -->
<testsuite hostname="LAPTOP-5KMFOFH9" failures="0" tests="2" name="testngDemo.AssertionInTestNG" time="0.016" errors="0" timestamp="2024-03-16T20:07:49 IST" skipped="1">
  <testcase classname="testngDemo.AssertionInTestNG" name="softAssertTest" time="0.016"/>
  <system-out/>
  <testcase classname="testngDemo.AssertionInTestNG" name="hardAssertionTest">
    <skipped/>
  </testcase> <!-- hardAssertionTest -->
  <system-out/>
</testsuite> <!-- testngDemo.AssertionInTestNG -->
