<?xml version="1.0" encoding="UTF-8"?>
<!-- Generated by org.testng.reporters.JUnitReportReporter -->
<testsuite hostname="LAPTOP-5KMFOFH9" failures="0" tests="3" name="pageObjectModel.LoginPageTest" time="1.242" errors="0" timestamp="2024-03-16T20:50:56 IST" skipped="0">
  <testcase classname="pageObjectModel.LoginPageTest" name="verifyUrl" time="0.016"/>
  <system-out/>
  <testcase classname="pageObjectModel.LoginPageTest" name="verifyTitle" time="0.011"/>
  <system-out/>
  <testcase classname="pageObjectModel.LoginPageTest" name="verifyLogin" time="1.215"/>
  <system-out/>
</testsuite> <!-- pageObjectModel.LoginPageTest -->
