<?xml version="1.0" encoding="UTF-8"?>
<!-- Generated by org.testng.reporters.JUnitReportReporter -->
<testsuite hostname="DESKTOP-TL25OI3" failures="0" tests="1" name="datadrivenTest.HrmDataDrivenFramework" time="0.000" errors="0" timestamp="2024-11-20T13:29:41 IST" skipped="1">
  <testcase classname="datadrivenTest.HrmDataDrivenFramework" name="loginTest" time="0.000">
    <skipped/>
  </testcase> <!-- loginTest -->
  <system-out/>
</testsuite> <!-- datadrivenTest.HrmDataDrivenFramework -->
