<?xml version="1.0" encoding="UTF-8"?>
<!-- Generated by org.testng.reporters.JUnitReportReporter -->
<testsuite hostname="DESKTOP-TL25OI3" failures="0" tests="1" name="extentReport.ExtentSimpleReport" time="0.660" errors="0" timestamp="2024-05-29T17:11:52 IST" skipped="0">
  <testcase classname="extentReport.ExtentSimpleReport" name="testReport" time="0.660"/>
  <system-out/>
</testsuite> <!-- extentReport.ExtentSimpleReport -->
