<?xml version="1.0" encoding="UTF-8"?>
<!-- Generated by org.testng.reporters.JUnitReportReporter -->
<testsuite hostname="DESKTOP-TL25OI3" failures="0" tests="1" name="testngDemo.TimeOutArgument" time="3.021" errors="0" timestamp="2024-11-20T11:01:24 IST" skipped="0">
  <testcase classname="testngDemo.TimeOutArgument" name="testCase1" time="3.021"/>
  <system-out/>
</testsuite> <!-- testngDemo.TimeOutArgument -->
