<?xml version="1.0" encoding="UTF-8"?>
<!-- Generated by org.testng.reporters.JUnitReportReporter -->
<testsuite hostname="DESKTOP-TL25OI3" failures="0" tests="3" name="testngDemo.TestDemo2" time="36.343" errors="0" timestamp="2024-11-20T11:01:24 IST" skipped="0">
  <testcase classname="testngDemo.TestDemo2" name="chromeTest" time="12.753"/>
  <system-out/>
  <testcase classname="testngDemo.TestDemo2" name="firefoxTest" time="6.298"/>
  <system-out/>
  <testcase classname="testngDemo.TestDemo2" name="edgeTest" time="17.292"/>
  <system-out/>
</testsuite> <!-- testngDemo.TestDemo2 -->
