<?xml version="1.0" encoding="UTF-8"?>
<!-- Generated by org.testng.reporters.JUnitReportReporter -->
<testsuite hostname="LAPTOP-5KMFOFH9" failures="0" tests="1" name="testngDemo.HRMDataPassingUsingXml" time="7.531" errors="0" timestamp="2024-03-17T19:52:00 IST" skipped="0">
  <testcase classname="testngDemo.HRMDataPassingUsingXml" name="hrmLoginTest" time="7.531"/>
  <system-out/>
</testsuite> <!-- testngDemo.HRMDataPassingUsingXml -->
