<?xml version="1.0" encoding="UTF-8"?>
<!-- Generated by org.testng.reporters.JUnitReportReporter -->
<testsuite hostname="LAPTOP-5KMFOFH9" failures="0" tests="3" name="testngDemo.AnnotationDemo" time="0.010" errors="0" timestamp="2024-03-16T19:25:48 IST" skipped="0">
  <testcase classname="testngDemo.AnnotationDemo" name="registerTest" time="0.005"/>
  <system-out/>
  <testcase classname="testngDemo.AnnotationDemo" name="loginTest" time="0.001"/>
  <system-out/>
  <testcase classname="testngDemo.AnnotationDemo" name="logoutTest" time="0.004"/>
  <system-out/>
</testsuite> <!-- testngDemo.AnnotationDemo -->
