<?xml version="1.0" encoding="UTF-8"?>
<!-- Generated by org.testng.reporters.JUnitReportReporter -->
<testsuite hostname="DESKTOP-TL25OI3" failures="0" tests="3" name="parallelTest.ParallelTestDemo" time="16.811" errors="0" timestamp="2024-11-15T21:16:09 IST" skipped="0">
  <testcase classname="parallelTest.ParallelTestDemo" name="chromeTest" time="4.491"/>
  <system-out/>
  <testcase classname="parallelTest.ParallelTestDemo" name="firefoxTest" time="6.075"/>
  <system-out/>
  <testcase classname="parallelTest.ParallelTestDemo" name="edgeTest" time="6.245"/>
  <system-out/>
</testsuite> <!-- parallelTest.ParallelTestDemo -->
