<?xml version="1.0" encoding="UTF-8"?>
<!-- Generated by org.testng.reporters.JUnitReportReporter -->
<testsuite hostname="DESKTOP-TL25OI3" failures="0" tests="4" name="testngDemo.HowToIgnoreTestFromExecution" time="0.007" errors="0" timestamp="2024-11-20T11:01:24 IST" skipped="1">
  <testcase classname="testngDemo.HowToIgnoreTestFromExecution" name="registerTest" time="0.002"/>
  <system-out/>
  <testcase classname="testngDemo.HowToIgnoreTestFromExecution" name="loginTest" time="0.002"/>
  <system-out/>
  <testcase classname="testngDemo.HowToIgnoreTestFromExecution" name="searchTest" time="0.003"/>
  <system-out/>
  <testcase classname="testngDemo.HowToIgnoreTestFromExecution" name="addToCartTest">
    <skipped/>
  </testcase> <!-- addToCartTest -->
  <system-out/>
</testsuite> <!-- testngDemo.HowToIgnoreTestFromExecution -->
