<?xml version="1.0" encoding="UTF-8"?>
<!-- Generated by org.testng.reporters.JUnitReportReporter -->
<testsuite hostname="LAPTOP-5KMFOFH9" failures="0" tests="1" name="datadrivenTest.ExcelDataRead" time="0.743" errors="0" timestamp="2024-03-17T21:34:49 IST" skipped="0">
  <testcase classname="datadrivenTest.ExcelDataRead" name="fileRead" time="0.743"/>
  <system-out/>
</testsuite> <!-- datadrivenTest.ExcelDataRead -->
