<?xml version="1.0" encoding="UTF-8"?>
<!-- Generated by org.testng.reporters.JUnitReportReporter -->
<testsuite hostname="DESKTOP-TL25OI3" failures="0" tests="3" name="testngDemo.CRMannotationScenario" time="2.375" errors="0" timestamp="2024-09-20T16:49:36 IST" skipped="0">
  <testcase classname="testngDemo.CRMannotationScenario" name="verifySignINLink" time="1.069"/>
  <system-out/>
  <testcase classname="testngDemo.CRMannotationScenario" name="verifySignIn" time="0.860"/>
  <system-out/>
  <testcase classname="testngDemo.CRMannotationScenario" name="verifySingOut" time="0.446"/>
  <system-out/>
</testsuite> <!-- testngDemo.CRMannotationScenario -->
