<?xml version="1.0" encoding="UTF-8"?>
<!-- Generated by org.testng.reporters.JUnitReportReporter -->
<testsuite hostname="DESKTOP-TL25OI3" failures="0" tests="1" name="Practice.dropdown" time="5.162" errors="0" timestamp="2024-11-15T19:24:04 IST" skipped="0">
  <testcase classname="Practice.dropdown" name="method1" time="5.162"/>
  <system-out/>
</testsuite> <!-- Practice.dropdown -->
