<?xml version="1.0" encoding="UTF-8"?>
<!-- Generated by org.testng.reporters.JUnitReportReporter -->
<testsuite hostname="LAPTOP-5KMFOFH9" failures="0" tests="4" name="datadrivenTest.DataDrivenTestUsingArray" time="0.009" errors="0" timestamp="2024-03-17T20:45:24 IST" skipped="0">
  <testcase classname="datadrivenTest.DataDrivenTestUsingArray" name="loginTest" time="0.001"/>
  <system-out/>
  <testcase classname="datadrivenTest.DataDrivenTestUsingArray" name="loginTest" time="0.000"/>
  <system-out/>
  <testcase classname="datadrivenTest.DataDrivenTestUsingArray" name="loginTest" time="0.001"/>
  <system-out/>
  <testcase classname="datadrivenTest.DataDrivenTestUsingArray" name="loginTest" time="0.007"/>
  <system-out/>
</testsuite> <!-- datadrivenTest.DataDrivenTestUsingArray -->
