<?xml version="1.0" encoding="UTF-8"?>
<!-- Generated by org.testng.reporters.JUnitReportReporter -->
<testsuite hostname="LAPTOP-5KMFOFH9" failures="0" tests="1" name="parallelTest.Class2" time="4.507" errors="0" timestamp="2024-03-17T21:54:30 IST" skipped="0">
  <testcase classname="parallelTest.Class2" name="firefoxTest" time="4.507"/>
  <system-out/>
</testsuite> <!-- parallelTest.Class2 -->
